# JRE version: Java(TM) SE Runtime Environment (7.0_79-b15) (build 1.7.0_79-b15)
# Java VM: Java HotSpot(TM) 64-Bit Server VM (24.79-b02 mixed mode bsd-amd64 compressed oops)
Heap
 PSYoungGen      total 38912K, used 38904K [0x000000013e400000, 0x0000000140f00000, 0x0000000153980000)
  eden space 33792K, 100% used [0x000000013e400000,0x0000000140500000,0x0000000140500000)
  from space 5120K, 99% used [0x0000000140500000,0x00000001409fe180,0x0000000140a00000)
  to   space 5120K, 99% used [0x0000000140a00000,0x0000000140efaee0,0x0000000140f00000)
 ParOldGen       total 87040K, used 18569K [0x0000000113980000, 0x0000000118e80000, 0x000000013e400000)
  object space 87040K, 21% used [0x0000000113980000,0x0000000114ba27e8,0x0000000118e80000)
 PSPermGen       total 21504K, used 6301K [0x000000010e780000, 0x000000010fc80000, 0x0000000113980000)
  object space 21504K, 29% used [0x000000010e780000,0x000000010eda7638,0x000000010fc80000)
GC Heap History (3 events):
Event: 1.325 GC heap before
{Heap before GC invocations=1 (full 0):
 PSYoungGen      total 38912K, used 33792K [0x000000013e400000, 0x0000000140f00000, 0x0000000153980000)
  eden space 33792K, 100% used [0x000000013e400000,0x0000000140500000,0x0000000140500000)
  from space 5120K, 0% used [0x0000000140a00000,0x0000000140a00000,0x0000000140f00000)
  to   space 5120K, 0% used [0x0000000140500000,0x0000000140500000,0x0000000140a00000)
 ParOldGen       total 87040K, used 0K [0x0000000113980000, 0x0000000118e80000, 0x000000013e400000)
  object space 87040K, 0% used [0x0000000113980000,0x0000000113980000,0x0000000118e80000)
 PSPermGen       total 21504K, used 5976K [0x000000010e780000, 0x000000010fc80000, 0x0000000113980000)
  object space 21504K, 27% used [0x000000010e780000,0x000000010ed56110,0x000000010fc80000)
Event: 1.336 GC heap after
Heap after GC invocations=1 (full 0):
 PSYoungGen      total 38912K, used 5112K [0x000000013e400000, 0x0000000140f00000, 0x0000000153980000)
  eden space 33792K, 0% used [0x000000013e400000,0x000000013e400000,0x0000000140500000)
  from space 5120K, 99% used [0x0000000140500000,0x00000001409fe180,0x0000000140a00000)
  to   space 5120K, 0% used [0x0000000140a00000,0x0000000140a00000,0x0000000140f00000)
 ParOldGen       total 87040K, used 4683K [0x0000000113980000, 0x0000000118e80000, 0x000000013e400000)
  object space 87040K, 5% used [0x0000000113980000,0x0000000113e12ea8,0x0000000118e80000)
 PSPermGen       total 21504K, used 5976K [0x000000010e780000, 0x000000010fc80000, 0x0000000113980000)
  object space 21504K, 27% used [0x000000010e780000,0x000000010ed56110,0x000000010fc80000)
}
Event: 1.914 GC heap before
{Heap before GC invocations=2 (full 0):
 PSYoungGen      total 38912K, used 38904K [0x000000013e400000, 0x0000000140f00000, 0x0000000153980000)
  eden space 33792K, 100% used [0x000000013e400000,0x0000000140500000,0x0000000140500000)
  from space 5120K, 99% used [0x0000000140500000,0x00000001409fe180,0x0000000140a00000)
  to   space 5120K, 0% used [0x0000000140a00000,0x0000000140a00000,0x0000000140f00000)
 ParOldGen       total 87040K, used 4683K [0x0000000113980000, 0x0000000118e80000, 0x000000013e400000)
  object space 87040K, 5% used [0x0000000113980000,0x0000000113e12ea8,0x0000000118e80000)
 PSPermGen       total 21504K, used 6301K [0x000000010e780000, 0x000000010fc80000, 0x0000000113980000)
  object space 21504K, 29% used [0x000000010e780000,0x000000010eda7638,0x000000010fc80000)

